2025-03-19 08:16:59,916 - INFO - Using device: cpu
2025-03-19 08:17:04,618 - WARNING - labels.json not found, using default construction_labels.
2025-03-19 08:17:05,033 - INFO - Classified download.jpg as 'Top view of corrugated metal roof, Aerial view of metal roof' (confidence: 1.0000)
2025-03-19 08:17:05,127 - INFO - Classified images (1).jpg as 'Top view of corrugated metal roof, Aerial view of metal roof' (confidence: 1.0000)
2025-03-19 08:17:05,232 - INFO - Classified images.jpg as 'Top view of corrugated metal roof, Aerial view of metal roof' (confidence: 1.0000)
2025-03-19 08:17:05,383 - INFO - Classified z6119812065312_5f45b93806ce09db71f11c3a7eff7549.jpg as 'general view of the construction site, Underside view of corrugated metal roof' (confidence: 1.0000)
2025-03-19 08:17:05,524 - INFO - Classified z6119812072797_388893ba3921127eaccb2de57aca7fcd.jpg as 'tape measure, ruler, caliper measuring steel thickness' (confidence: 1.0000)
2025-03-19 08:17:05,694 - INFO - Classified z6119812079782_53b7ae912129091a1c4221061c483cfe.jpg as 'general view of the construction site, Underside view of corrugated metal roof' (confidence: 1.0000)
2025-03-19 08:17:05,853 - INFO - Classified z6119812087316_d9a85728dd4bfa5f0e26022ecaa3616c.jpg as 'general view of the construction site, Underside view of corrugated metal roof' (confidence: 1.0000)
2025-03-19 08:17:06,007 - INFO - Classified z6119812110461_fee57be1cd00c13778f77c62b45fe2dd.jpg as 'tape measure, ruler, caliper measuring steel thickness' (confidence: 1.0000)
2025-03-19 08:17:06,167 - INFO - Classified z6119812119109_b232a015b8cdc08067b9e081c10d303c.jpg as 'digital multimeter, green color, dark green,hardness tester, Insize hardness gauge,' (confidence: 1.0000)
2025-03-19 08:17:06,332 - INFO - Classified z6119812125516_7bdb9b71ce3bd5dea01df8f26951c4f9.jpg as 'digital multimeter, green color, dark green,hardness tester, Insize hardness gauge,' (confidence: 1.0000)
2025-03-19 08:17:06,490 - INFO - Classified z6119812133074_1dad316a6d820591f0c93c947736dd0f.jpg as 'digital multimeter, black color, gray color' (confidence: 1.0000)
2025-03-19 08:17:06,644 - INFO - Classified z6119812141071_79a3b2a45391289a167da1c0ef060f78.jpg as 'tape measure, ruler, caliper measuring steel thickness' (confidence: 1.0000)
2025-03-19 08:17:06,824 - INFO - Classified z6119812148726_e2bef2eb8396c93af5e8dbef4a5c88f7.jpg as 'digital multimeter, green color, dark green,hardness tester, Insize hardness gauge,' (confidence: 1.0000)
2025-03-19 08:17:06,996 - INFO - Classified z6119812156949_09c6697ab40ea53b534a98c6ecbc9b57.jpg as 'digital multimeter, green color, dark green,hardness tester, Insize hardness gauge,' (confidence: 1.0000)
2025-03-19 08:17:07,147 - INFO - Classified z6119812164512_6719e0341f4f8c0f449d254ea9c9f5bc.jpg as 'tape measure, ruler, caliper measuring steel thickness' (confidence: 1.0000)
2025-03-19 08:17:07,298 - INFO - Classified z6119812172672_8e38bf2e01b70ea89ae291ba11f804a0.jpg as 'digital multimeter, green color, dark green,hardness tester, Insize hardness gauge,' (confidence: 1.0000)
2025-03-19 08:17:07,470 - INFO - Classified z6119812179746_e39a288a410380e92d4255b1a5523438.jpg as 'digital multimeter, green color, dark green,hardness tester, Insize hardness gauge,' (confidence: 1.0000)
2025-03-19 08:17:07,625 - INFO - Classified z6119812188128_dfbb6bbe50d147fec48b8d8fcc82ee21.jpg as 'digital multimeter, black color, gray color' (confidence: 1.0000)
2025-03-19 08:17:07,784 - INFO - Classified z6119812192594_f5f625abc44bd29c4afa66e263a76e72.jpg as 'digital multimeter, green color, dark green,hardness tester, Insize hardness gauge,' (confidence: 1.0000)
2025-03-19 08:17:07,956 - INFO - Classified z6119812200709_b35ad916c38c2d974fb7d5b9af53719b.jpg as 'digital multimeter, green color, dark green,hardness tester, Insize hardness gauge,' (confidence: 1.0000)
2025-03-19 08:17:08,103 - INFO - Classified z6119812205545_ae0f6e32dd3b85376935428bb8f2aac8.jpg as 'digital multimeter, black color, gray color' (confidence: 1.0000)
2025-03-19 08:17:08,246 - INFO - Classified z6119812213086_e3c40b0ad17e44227051d9244b5ea5b9.jpg as 'digital multimeter, black color, gray color' (confidence: 1.0000)
2025-03-19 08:17:08,385 - INFO - Classified z6119812219772_563b9ed7b301d2d1619c758c48cefd14.jpg as 'tape measure, ruler, caliper measuring steel thickness' (confidence: 1.0000)
2025-03-19 08:17:08,507 - INFO - Classified z6119812226048_92f49ca8b3fa2341eb86b4ee1c9f6e99.jpg as 'digital multimeter, green color, dark green,hardness tester, Insize hardness gauge,' (confidence: 1.0000)
2025-03-19 08:17:08,666 - INFO - Classified z6119812231170_b0be20fc5b0f58217df9af955308a544.jpg as 'digital multimeter, green color, dark green,hardness tester, Insize hardness gauge,' (confidence: 1.0000)
2025-03-19 08:17:08,810 - INFO - Classified z6119812237556_e872a2d3e053a0c33f643c8649e8ec4a.jpg as 'digital multimeter, green color, dark green,hardness tester, Insize hardness gauge,' (confidence: 1.0000)
2025-03-19 08:17:08,935 - INFO - Classified z6119812243821_9b8d994a3423e22aafb2e1673ea3384d.jpg as 'digital multimeter, green color, dark green,hardness tester, Insize hardness gauge,' (confidence: 1.0000)
2025-03-19 08:17:09,105 - INFO - Classified z6119812249410_5febb533fbefcb5a0d380c87ba6b007e.jpg as 'digital multimeter, green color, dark green,hardness tester, Insize hardness gauge,' (confidence: 1.0000)
2025-03-19 08:17:09,246 - INFO - Classified z6119815620946_0dc22fe2f3c1a1acae5a5e072e764b0e.jpg as 'digital multimeter, green color, dark green,hardness tester, Insize hardness gauge,' (confidence: 1.0000)
2025-03-19 08:17:09,379 - INFO - Classified z6119815633977_e8472e134741fa24221db355b9c2ff1b.jpg as 'digital multimeter, green color, dark green,hardness tester, Insize hardness gauge,' (confidence: 1.0000)
2025-03-19 08:17:09,500 - INFO - Classified z6120031500938_be77ef3692c511d8f92b3466232c299e.jpg as 'digital multimeter, black color, gray color' (confidence: 1.0000)
2025-03-19 08:17:09,641 - INFO - Classified z6120031509074_04831d9a326e49eb7c0ec8e530ad9f82.jpg as 'digital multimeter, black color, gray color' (confidence: 1.0000)
2025-03-19 08:17:09,772 - INFO - Classified z6120031514027_42c337fc4babefbdacf08cf988cbb7d3.jpg as 'digital multimeter, black color, gray color' (confidence: 1.0000)
2025-03-19 08:17:09,911 - INFO - Classified z6120031520274_4bcb69fc3b6beea838e4fa34e9dd3deb.jpg as 'tape measure, ruler, caliper measuring steel thickness' (confidence: 1.0000)
2025-03-19 08:17:10,039 - INFO - Classified z6120031525414_9ec633413313e86a25f3044be8b882b5.jpg as 'tape measure, ruler, caliper measuring steel thickness' (confidence: 1.0000)
2025-03-19 08:17:10,182 - INFO - Classified z6120031532984_66a088574d0ff37bd82e59e7da184958.jpg as 'tape measure, ruler, caliper measuring steel thickness' (confidence: 1.0000)
2025-03-19 08:17:10,311 - INFO - Classified z6120031537659_2516c574f35c66ca678ce345c9d0cfb0.jpg as 'tape measure, ruler, caliper measuring steel thickness' (confidence: 1.0000)
2025-03-19 08:17:10,445 - INFO - Classified z6120031545613_8b68a8df9d7af7728a3af9471705f7c7.jpg as 'tape measure, ruler, caliper measuring steel thickness' (confidence: 1.0000)
2025-03-19 08:17:10,570 - INFO - Classified z6120031551519_92003e8619a2afeccf2855391b56f317.jpg as 'digital multimeter, black color, gray color' (confidence: 1.0000)
2025-03-19 08:17:10,699 - INFO - Classified z6120031556800_41b7b4955aa06978bb0c0d429a1ff3b9.jpg as 'digital multimeter, black color, gray color' (confidence: 1.0000)
2025-03-19 08:17:10,832 - INFO - Classified z6120031564501_13fd6963f9deecde8a018620ea7505d9.jpg as 'digital multimeter, black color, gray color' (confidence: 1.0000)
2025-03-19 08:17:10,965 - INFO - Classified z6120031569098_7ec79ea8494bcab9ee9af52543acb9e9.jpg as 'digital multimeter, black color, gray color' (confidence: 1.0000)
2025-03-19 08:17:11,097 - INFO - Classified z6120031575871_1ff3e64f047f27cb11c9ff9923f90580.jpg as 'digital multimeter, black color, gray color' (confidence: 1.0000)
2025-03-19 08:17:11,240 - INFO - Classified z6120031580532_b5073f2abb99bad92e45855197dd16d1.jpg as 'digital multimeter, black color, gray color' (confidence: 1.0000)
2025-03-19 08:17:11,366 - INFO - Classified z6120031587218_13c8282c6d4d3eb7f01e90cf6a1bc0bc.jpg as 'tape measure, ruler, caliper measuring steel thickness' (confidence: 1.0000)
2025-03-19 08:17:11,501 - INFO - Classified z6120031592583_754bd95cfce1b585b5998fb525872a18.jpg as 'tape measure, ruler, caliper measuring steel thickness' (confidence: 1.0000)
2025-03-19 08:17:11,641 - INFO - Classified z6120031598476_6c1fb14fd6de452e43ac1f2e2c30c5b5.jpg as 'tape measure, ruler, caliper measuring steel thickness' (confidence: 1.0000)
2025-03-19 08:17:11,769 - INFO - Classified z6120031601432_322e98083a2d4a68afd92d196a5656f1.jpg as 'Structural Joints, Connection Details, Steel Connections' (confidence: 1.0000)
2025-03-19 08:17:11,904 - INFO - Classified z6120031607308_3ac06ce49e88c984eeb437488478c3b9.jpg as 'Structural Joints, Connection Details, Steel Connections' (confidence: 1.0000)
2025-03-19 08:17:12,036 - INFO - Classified z6120031612937_029da634d9c21759d1a3e3d8968f8add.jpg as 'tape measure, ruler, caliper measuring steel thickness' (confidence: 1.0000)
2025-03-19 08:17:12,163 - INFO - Classified z6120031619595_6bb2284623ab258886d4d78584cdef75.jpg as 'digital multimeter, green color, dark green,hardness tester, Insize hardness gauge,' (confidence: 1.0000)
2025-03-19 08:17:12,308 - INFO - Classified z6120031623353_b0d07d8a6e8bd2864b98d5c03187e84c.jpg as 'digital multimeter, green color, dark green,hardness tester, Insize hardness gauge,' (confidence: 1.0000)
2025-03-19 08:17:12,438 - INFO - Classified z6120031629647_f22949d86f8a9734063aee04c4bd6f50.jpg as 'digital multimeter, green color, dark green,hardness tester, Insize hardness gauge,' (confidence: 1.0000)
2025-03-19 08:17:12,603 - INFO - Classified z6120031635005_d21c95e4d670a1d737eabc6d9671e8f6.jpg as 'digital multimeter, green color, dark green,hardness tester, Insize hardness gauge,' (confidence: 1.0000)
2025-03-19 08:17:12,730 - INFO - Classified z6120031640782_132b6d20e660be444c46959fbdc6c581.jpg as 'tape measure, ruler, caliper measuring steel thickness' (confidence: 1.0000)
2025-03-19 08:17:12,889 - INFO - Classified z6120031646101_e90bd0f4ba293e1d60b10ca17afe8e88.jpg as 'digital multimeter, black color, gray color' (confidence: 1.0000)
2025-03-19 08:17:13,024 - INFO - Classified z6120031653442_a978b0ce61639e1b36f8aba45c9e3849.jpg as 'digital multimeter, black color, gray color' (confidence: 1.0000)
2025-03-19 08:17:13,166 - INFO - Classified z6120031658035_960cfc9b307dd99158a36e4a9a35d303.jpg as 'digital multimeter, black color, gray color' (confidence: 1.0000)
2025-03-19 08:17:13,308 - INFO - Classified z6120031665794_bea19c7485ef9fb4c1e2f7d68d1b2f2d.jpg as 'digital multimeter, black color, gray color' (confidence: 1.0000)
2025-03-19 08:17:13,439 - INFO - Classified z6120031668673_1c08b42d4fb0a4d9575e593df6ed492c.jpg as 'tape measure, ruler, caliper measuring steel thickness' (confidence: 1.0000)
2025-03-19 10:29:57,875 - INFO - Using device: cpu
2025-03-19 10:30:04,108 - WARNING - labels.json not found, using default construction_labels.
2025-03-19 10:30:05,019 - INFO - Classified download.jpg as 'Top view of corrugated metal roof, Aerial view of metal roof' (confidence: 1.0000)
2025-03-19 10:30:05,138 - INFO - Classified images (1).jpg as 'Top view of corrugated metal roof, Aerial view of metal roof' (confidence: 1.0000)
2025-03-19 10:30:05,246 - INFO - Classified images.jpg as 'Top view of corrugated metal roof, Aerial view of metal roof' (confidence: 1.0000)
2025-03-19 10:30:05,366 - INFO - Classified z6119812065312_5f45b93806ce09db71f11c3a7eff7549.jpg as 'general view of the construction site, Underside view of corrugated metal roof' (confidence: 1.0000)
2025-03-19 10:30:05,483 - INFO - Classified z6119812072797_388893ba3921127eaccb2de57aca7fcd.jpg as 'tape measure, ruler, caliper measuring steel thickness' (confidence: 1.0000)
2025-03-19 10:30:05,603 - INFO - Classified z6119812079782_53b7ae912129091a1c4221061c483cfe.jpg as 'general view of the construction site, Underside view of corrugated metal roof' (confidence: 1.0000)
2025-03-19 10:30:05,714 - INFO - Classified z6119812087316_d9a85728dd4bfa5f0e26022ecaa3616c.jpg as 'general view of the construction site, Underside view of corrugated metal roof' (confidence: 1.0000)
2025-03-19 10:30:05,832 - INFO - Classified z6119812110461_fee57be1cd00c13778f77c62b45fe2dd.jpg as 'tape measure, ruler, caliper measuring steel thickness' (confidence: 1.0000)
2025-03-19 10:30:05,956 - INFO - Classified z6119812119109_b232a015b8cdc08067b9e081c10d303c.jpg as 'digital multimeter, green color, dark green,hardness tester, Insize hardness gauge,' (confidence: 1.0000)
2025-03-19 10:30:06,076 - INFO - Classified z6119812125516_7bdb9b71ce3bd5dea01df8f26951c4f9.jpg as 'digital multimeter, green color, dark green,hardness tester, Insize hardness gauge,' (confidence: 1.0000)
2025-03-19 10:30:06,195 - INFO - Classified z6119812133074_1dad316a6d820591f0c93c947736dd0f.jpg as 'digital multimeter, black color, gray color' (confidence: 1.0000)
2025-03-19 10:30:06,310 - INFO - Classified z6119812141071_79a3b2a45391289a167da1c0ef060f78.jpg as 'tape measure, ruler, caliper measuring steel thickness' (confidence: 1.0000)
2025-03-19 10:30:06,433 - INFO - Classified z6119812148726_e2bef2eb8396c93af5e8dbef4a5c88f7.jpg as 'digital multimeter, green color, dark green,hardness tester, Insize hardness gauge,' (confidence: 1.0000)
2025-03-19 10:30:06,553 - INFO - Classified z6119812156949_09c6697ab40ea53b534a98c6ecbc9b57.jpg as 'digital multimeter, green color, dark green,hardness tester, Insize hardness gauge,' (confidence: 1.0000)
2025-03-19 10:30:06,670 - INFO - Classified z6119812164512_6719e0341f4f8c0f449d254ea9c9f5bc.jpg as 'tape measure, ruler, caliper measuring steel thickness' (confidence: 1.0000)
2025-03-19 10:30:06,781 - INFO - Classified z6119812172672_8e38bf2e01b70ea89ae291ba11f804a0.jpg as 'digital multimeter, green color, dark green,hardness tester, Insize hardness gauge,' (confidence: 1.0000)
2025-03-19 10:30:06,892 - INFO - Classified z6119812179746_e39a288a410380e92d4255b1a5523438.jpg as 'digital multimeter, green color, dark green,hardness tester, Insize hardness gauge,' (confidence: 1.0000)
2025-03-19 10:30:06,999 - INFO - Classified z6119812188128_dfbb6bbe50d147fec48b8d8fcc82ee21.jpg as 'digital multimeter, black color, gray color' (confidence: 1.0000)
2025-03-19 10:30:07,101 - INFO - Classified z6119812192594_f5f625abc44bd29c4afa66e263a76e72.jpg as 'digital multimeter, green color, dark green,hardness tester, Insize hardness gauge,' (confidence: 1.0000)
2025-03-19 10:30:07,218 - INFO - Classified z6119812200709_b35ad916c38c2d974fb7d5b9af53719b.jpg as 'digital multimeter, green color, dark green,hardness tester, Insize hardness gauge,' (confidence: 1.0000)
2025-03-19 10:30:07,335 - INFO - Classified z6119812205545_ae0f6e32dd3b85376935428bb8f2aac8.jpg as 'digital multimeter, black color, gray color' (confidence: 1.0000)
2025-03-19 10:30:07,443 - INFO - Classified z6119812213086_e3c40b0ad17e44227051d9244b5ea5b9.jpg as 'digital multimeter, black color, gray color' (confidence: 1.0000)
2025-03-19 10:30:07,550 - INFO - Classified z6119812219772_563b9ed7b301d2d1619c758c48cefd14.jpg as 'tape measure, ruler, caliper measuring steel thickness' (confidence: 1.0000)
2025-03-19 10:30:07,649 - INFO - Classified z6119812226048_92f49ca8b3fa2341eb86b4ee1c9f6e99.jpg as 'digital multimeter, green color, dark green,hardness tester, Insize hardness gauge,' (confidence: 1.0000)
2025-03-19 10:30:07,765 - INFO - Classified z6119812231170_b0be20fc5b0f58217df9af955308a544.jpg as 'digital multimeter, green color, dark green,hardness tester, Insize hardness gauge,' (confidence: 1.0000)
2025-03-19 10:30:07,875 - INFO - Classified z6119812237556_e872a2d3e053a0c33f643c8649e8ec4a.jpg as 'digital multimeter, green color, dark green,hardness tester, Insize hardness gauge,' (confidence: 1.0000)
2025-03-19 10:30:07,980 - INFO - Classified z6119812243821_9b8d994a3423e22aafb2e1673ea3384d.jpg as 'digital multimeter, green color, dark green,hardness tester, Insize hardness gauge,' (confidence: 1.0000)
2025-03-19 10:30:08,091 - INFO - Classified z6119812249410_5febb533fbefcb5a0d380c87ba6b007e.jpg as 'digital multimeter, green color, dark green,hardness tester, Insize hardness gauge,' (confidence: 1.0000)
2025-03-19 10:30:08,186 - INFO - Classified z6119815620946_0dc22fe2f3c1a1acae5a5e072e764b0e.jpg as 'digital multimeter, green color, dark green,hardness tester, Insize hardness gauge,' (confidence: 1.0000)
2025-03-19 10:30:08,305 - INFO - Classified z6119815633977_e8472e134741fa24221db355b9c2ff1b.jpg as 'digital multimeter, green color, dark green,hardness tester, Insize hardness gauge,' (confidence: 1.0000)
2025-03-19 10:30:08,407 - INFO - Classified z6120031500938_be77ef3692c511d8f92b3466232c299e.jpg as 'digital multimeter, black color, gray color' (confidence: 1.0000)
2025-03-19 10:30:08,502 - INFO - Classified z6120031509074_04831d9a326e49eb7c0ec8e530ad9f82.jpg as 'digital multimeter, black color, gray color' (confidence: 1.0000)
2025-03-19 10:30:08,612 - INFO - Classified z6120031514027_42c337fc4babefbdacf08cf988cbb7d3.jpg as 'digital multimeter, black color, gray color' (confidence: 1.0000)
2025-03-19 10:30:08,742 - INFO - Classified z6120031520274_4bcb69fc3b6beea838e4fa34e9dd3deb.jpg as 'tape measure, ruler, caliper measuring steel thickness' (confidence: 1.0000)
2025-03-19 10:30:08,846 - INFO - Classified z6120031525414_9ec633413313e86a25f3044be8b882b5.jpg as 'tape measure, ruler, caliper measuring steel thickness' (confidence: 1.0000)
2025-03-19 10:30:08,989 - INFO - Classified z6120031532984_66a088574d0ff37bd82e59e7da184958.jpg as 'tape measure, ruler, caliper measuring steel thickness' (confidence: 1.0000)
2025-03-19 10:30:09,104 - INFO - Classified z6120031537659_2516c574f35c66ca678ce345c9d0cfb0.jpg as 'tape measure, ruler, caliper measuring steel thickness' (confidence: 1.0000)
2025-03-19 10:30:09,211 - INFO - Classified z6120031545613_8b68a8df9d7af7728a3af9471705f7c7.jpg as 'tape measure, ruler, caliper measuring steel thickness' (confidence: 1.0000)
2025-03-19 10:30:09,333 - INFO - Classified z6120031551519_92003e8619a2afeccf2855391b56f317.jpg as 'digital multimeter, black color, gray color' (confidence: 1.0000)
2025-03-19 10:30:09,459 - INFO - Classified z6120031556800_41b7b4955aa06978bb0c0d429a1ff3b9.jpg as 'digital multimeter, black color, gray color' (confidence: 1.0000)
2025-03-19 10:30:09,561 - INFO - Classified z6120031564501_13fd6963f9deecde8a018620ea7505d9.jpg as 'digital multimeter, black color, gray color' (confidence: 1.0000)
2025-03-19 10:30:09,676 - INFO - Classified z6120031569098_7ec79ea8494bcab9ee9af52543acb9e9.jpg as 'digital multimeter, black color, gray color' (confidence: 1.0000)
2025-03-19 10:30:09,785 - INFO - Classified z6120031575871_1ff3e64f047f27cb11c9ff9923f90580.jpg as 'digital multimeter, black color, gray color' (confidence: 1.0000)
2025-03-19 10:30:09,897 - INFO - Classified z6120031580532_b5073f2abb99bad92e45855197dd16d1.jpg as 'digital multimeter, black color, gray color' (confidence: 1.0000)
2025-03-19 10:30:09,995 - INFO - Classified z6120031587218_13c8282c6d4d3eb7f01e90cf6a1bc0bc.jpg as 'tape measure, ruler, caliper measuring steel thickness' (confidence: 1.0000)
2025-03-19 10:30:10,102 - INFO - Classified z6120031592583_754bd95cfce1b585b5998fb525872a18.jpg as 'tape measure, ruler, caliper measuring steel thickness' (confidence: 1.0000)
2025-03-19 10:30:10,208 - INFO - Classified z6120031598476_6c1fb14fd6de452e43ac1f2e2c30c5b5.jpg as 'tape measure, ruler, caliper measuring steel thickness' (confidence: 1.0000)
2025-03-19 10:30:10,319 - INFO - Classified z6120031601432_322e98083a2d4a68afd92d196a5656f1.jpg as 'Structural Joints, Connection Details, Steel Connections' (confidence: 1.0000)
2025-03-19 10:30:10,419 - INFO - Classified z6120031607308_3ac06ce49e88c984eeb437488478c3b9.jpg as 'Structural Joints, Connection Details, Steel Connections' (confidence: 1.0000)
2025-03-19 10:30:10,525 - INFO - Classified z6120031612937_029da634d9c21759d1a3e3d8968f8add.jpg as 'tape measure, ruler, caliper measuring steel thickness' (confidence: 1.0000)
2025-03-19 10:30:10,619 - INFO - Classified z6120031619595_6bb2284623ab258886d4d78584cdef75.jpg as 'digital multimeter, green color, dark green,hardness tester, Insize hardness gauge,' (confidence: 1.0000)
2025-03-19 10:30:10,730 - INFO - Classified z6120031623353_b0d07d8a6e8bd2864b98d5c03187e84c.jpg as 'digital multimeter, green color, dark green,hardness tester, Insize hardness gauge,' (confidence: 1.0000)
2025-03-19 10:30:10,841 - INFO - Classified z6120031629647_f22949d86f8a9734063aee04c4bd6f50.jpg as 'digital multimeter, green color, dark green,hardness tester, Insize hardness gauge,' (confidence: 1.0000)
2025-03-19 10:30:10,967 - INFO - Classified z6120031635005_d21c95e4d670a1d737eabc6d9671e8f6.jpg as 'digital multimeter, green color, dark green,hardness tester, Insize hardness gauge,' (confidence: 1.0000)
2025-03-19 10:30:11,077 - INFO - Classified z6120031640782_132b6d20e660be444c46959fbdc6c581.jpg as 'tape measure, ruler, caliper measuring steel thickness' (confidence: 1.0000)
2025-03-19 10:30:11,187 - INFO - Classified z6120031646101_e90bd0f4ba293e1d60b10ca17afe8e88.jpg as 'digital multimeter, black color, gray color' (confidence: 1.0000)
2025-03-19 10:30:11,298 - INFO - Classified z6120031653442_a978b0ce61639e1b36f8aba45c9e3849.jpg as 'digital multimeter, black color, gray color' (confidence: 1.0000)
2025-03-19 10:30:11,425 - INFO - Classified z6120031658035_960cfc9b307dd99158a36e4a9a35d303.jpg as 'digital multimeter, black color, gray color' (confidence: 1.0000)
2025-03-19 10:30:11,535 - INFO - Classified z6120031665794_bea19c7485ef9fb4c1e2f7d68d1b2f2d.jpg as 'digital multimeter, black color, gray color' (confidence: 1.0000)
2025-03-19 10:30:11,630 - INFO - Classified z6120031668673_1c08b42d4fb0a4d9575e593df6ed492c.jpg as 'tape measure, ruler, caliper measuring steel thickness' (confidence: 1.0000)
2025-03-19 10:32:49,439 - INFO - Using device: cpu
2025-03-19 10:32:53,867 - WARNING - labels.json not found, using default construction_labels.
2025-03-19 10:32:54,242 - INFO - Classified download.jpg as 'Top view of corrugated metal roof, Aerial view of metal roof' (confidence: 1.0000)
2025-03-19 10:32:54,338 - INFO - Classified images (1).jpg as 'Top view of corrugated metal roof, Aerial view of metal roof' (confidence: 1.0000)
2025-03-19 10:32:54,415 - INFO - Classified images.jpg as 'Top view of corrugated metal roof, Aerial view of metal roof' (confidence: 1.0000)
2025-03-19 10:32:54,538 - INFO - Classified z6119812065312_5f45b93806ce09db71f11c3a7eff7549.jpg as 'general view of the construction site, Underside view of corrugated metal roof' (confidence: 1.0000)
2025-03-19 10:32:54,642 - INFO - Classified z6119812072797_388893ba3921127eaccb2de57aca7fcd.jpg as 'tape measure, ruler, caliper measuring steel thickness' (confidence: 1.0000)
2025-03-19 10:32:54,749 - INFO - Classified z6119812079782_53b7ae912129091a1c4221061c483cfe.jpg as 'general view of the construction site, Underside view of corrugated metal roof' (confidence: 1.0000)
2025-03-19 10:32:54,844 - INFO - Classified z6119812087316_d9a85728dd4bfa5f0e26022ecaa3616c.jpg as 'general view of the construction site, Underside view of corrugated metal roof' (confidence: 1.0000)
2025-03-19 10:32:54,955 - INFO - Classified z6119812110461_fee57be1cd00c13778f77c62b45fe2dd.jpg as 'tape measure, ruler, caliper measuring steel thickness' (confidence: 1.0000)
2025-03-19 10:32:55,086 - INFO - Classified z6119812119109_b232a015b8cdc08067b9e081c10d303c.jpg as 'digital multimeter, green color, dark green,hardness tester, Insize hardness gauge,' (confidence: 1.0000)
2025-03-19 10:32:55,209 - INFO - Classified z6119812125516_7bdb9b71ce3bd5dea01df8f26951c4f9.jpg as 'digital multimeter, green color, dark green,hardness tester, Insize hardness gauge,' (confidence: 1.0000)
2025-03-19 10:32:55,328 - INFO - Classified z6119812133074_1dad316a6d820591f0c93c947736dd0f.jpg as 'digital multimeter, black color, gray color' (confidence: 1.0000)
2025-03-19 10:32:55,437 - INFO - Classified z6119812141071_79a3b2a45391289a167da1c0ef060f78.jpg as 'tape measure, ruler, caliper measuring steel thickness' (confidence: 1.0000)
2025-03-19 10:32:55,553 - INFO - Classified z6119812148726_e2bef2eb8396c93af5e8dbef4a5c88f7.jpg as 'digital multimeter, green color, dark green,hardness tester, Insize hardness gauge,' (confidence: 1.0000)
2025-03-19 10:32:55,673 - INFO - Classified z6119812156949_09c6697ab40ea53b534a98c6ecbc9b57.jpg as 'digital multimeter, green color, dark green,hardness tester, Insize hardness gauge,' (confidence: 1.0000)
2025-03-19 10:32:55,786 - INFO - Classified z6119812164512_6719e0341f4f8c0f449d254ea9c9f5bc.jpg as 'tape measure, ruler, caliper measuring steel thickness' (confidence: 1.0000)
2025-03-19 10:32:55,902 - INFO - Classified z6119812172672_8e38bf2e01b70ea89ae291ba11f804a0.jpg as 'digital multimeter, green color, dark green,hardness tester, Insize hardness gauge,' (confidence: 1.0000)
2025-03-19 10:32:55,997 - INFO - Classified z6119812179746_e39a288a410380e92d4255b1a5523438.jpg as 'digital multimeter, green color, dark green,hardness tester, Insize hardness gauge,' (confidence: 1.0000)
2025-03-19 10:32:56,108 - INFO - Classified z6119812188128_dfbb6bbe50d147fec48b8d8fcc82ee21.jpg as 'digital multimeter, black color, gray color' (confidence: 1.0000)
2025-03-19 10:32:56,231 - INFO - Classified z6119812192594_f5f625abc44bd29c4afa66e263a76e72.jpg as 'digital multimeter, green color, dark green,hardness tester, Insize hardness gauge,' (confidence: 1.0000)
2025-03-19 10:32:56,334 - INFO - Classified z6119812200709_b35ad916c38c2d974fb7d5b9af53719b.jpg as 'digital multimeter, green color, dark green,hardness tester, Insize hardness gauge,' (confidence: 1.0000)
2025-03-19 10:32:56,429 - INFO - Classified z6119812205545_ae0f6e32dd3b85376935428bb8f2aac8.jpg as 'digital multimeter, black color, gray color' (confidence: 1.0000)
2025-03-19 10:32:56,540 - INFO - Classified z6119812213086_e3c40b0ad17e44227051d9244b5ea5b9.jpg as 'digital multimeter, black color, gray color' (confidence: 1.0000)
2025-03-19 10:32:56,651 - INFO - Classified z6119812219772_563b9ed7b301d2d1619c758c48cefd14.jpg as 'tape measure, ruler, caliper measuring steel thickness' (confidence: 1.0000)
2025-03-19 10:32:56,767 - INFO - Classified z6119812226048_92f49ca8b3fa2341eb86b4ee1c9f6e99.jpg as 'digital multimeter, green color, dark green,hardness tester, Insize hardness gauge,' (confidence: 1.0000)
2025-03-19 10:32:56,875 - INFO - Classified z6119812231170_b0be20fc5b0f58217df9af955308a544.jpg as 'digital multimeter, green color, dark green,hardness tester, Insize hardness gauge,' (confidence: 1.0000)
2025-03-19 10:32:56,985 - INFO - Classified z6119812237556_e872a2d3e053a0c33f643c8649e8ec4a.jpg as 'digital multimeter, green color, dark green,hardness tester, Insize hardness gauge,' (confidence: 1.0000)
2025-03-19 10:32:57,095 - INFO - Classified z6119812243821_9b8d994a3423e22aafb2e1673ea3384d.jpg as 'digital multimeter, green color, dark green,hardness tester, Insize hardness gauge,' (confidence: 1.0000)
2025-03-19 10:32:57,207 - INFO - Classified z6119812249410_5febb533fbefcb5a0d380c87ba6b007e.jpg as 'digital multimeter, green color, dark green,hardness tester, Insize hardness gauge,' (confidence: 1.0000)
2025-03-19 10:32:57,325 - INFO - Classified z6119815620946_0dc22fe2f3c1a1acae5a5e072e764b0e.jpg as 'digital multimeter, green color, dark green,hardness tester, Insize hardness gauge,' (confidence: 1.0000)
2025-03-19 10:32:57,449 - INFO - Classified z6119815633977_e8472e134741fa24221db355b9c2ff1b.jpg as 'digital multimeter, green color, dark green,hardness tester, Insize hardness gauge,' (confidence: 1.0000)
2025-03-19 10:32:57,547 - INFO - Classified z6120031500938_be77ef3692c511d8f92b3466232c299e.jpg as 'digital multimeter, black color, gray color' (confidence: 1.0000)
2025-03-19 10:32:57,659 - INFO - Classified z6120031509074_04831d9a326e49eb7c0ec8e530ad9f82.jpg as 'digital multimeter, black color, gray color' (confidence: 1.0000)
2025-03-19 10:32:57,770 - INFO - Classified z6120031514027_42c337fc4babefbdacf08cf988cbb7d3.jpg as 'digital multimeter, black color, gray color' (confidence: 1.0000)
2025-03-19 10:32:57,888 - INFO - Classified z6120031520274_4bcb69fc3b6beea838e4fa34e9dd3deb.jpg as 'tape measure, ruler, caliper measuring steel thickness' (confidence: 1.0000)
2025-03-19 10:32:58,013 - INFO - Classified z6120031525414_9ec633413313e86a25f3044be8b882b5.jpg as 'tape measure, ruler, caliper measuring steel thickness' (confidence: 1.0000)
2025-03-19 10:32:58,124 - INFO - Classified z6120031532984_66a088574d0ff37bd82e59e7da184958.jpg as 'tape measure, ruler, caliper measuring steel thickness' (confidence: 1.0000)
2025-03-19 10:32:58,235 - INFO - Classified z6120031537659_2516c574f35c66ca678ce345c9d0cfb0.jpg as 'tape measure, ruler, caliper measuring steel thickness' (confidence: 1.0000)
2025-03-19 10:32:58,362 - INFO - Classified z6120031545613_8b68a8df9d7af7728a3af9471705f7c7.jpg as 'tape measure, ruler, caliper measuring steel thickness' (confidence: 1.0000)
2025-03-19 10:32:58,495 - INFO - Classified z6120031551519_92003e8619a2afeccf2855391b56f317.jpg as 'digital multimeter, black color, gray color' (confidence: 1.0000)
2025-03-19 10:32:58,595 - INFO - Classified z6120031556800_41b7b4955aa06978bb0c0d429a1ff3b9.jpg as 'digital multimeter, black color, gray color' (confidence: 1.0000)
2025-03-19 10:32:58,706 - INFO - Classified z6120031564501_13fd6963f9deecde8a018620ea7505d9.jpg as 'digital multimeter, black color, gray color' (confidence: 1.0000)
2025-03-19 10:32:58,817 - INFO - Classified z6120031569098_7ec79ea8494bcab9ee9af52543acb9e9.jpg as 'digital multimeter, black color, gray color' (confidence: 1.0000)
2025-03-19 10:32:58,928 - INFO - Classified z6120031575871_1ff3e64f047f27cb11c9ff9923f90580.jpg as 'digital multimeter, black color, gray color' (confidence: 1.0000)
2025-03-19 10:32:59,038 - INFO - Classified z6120031580532_b5073f2abb99bad92e45855197dd16d1.jpg as 'digital multimeter, black color, gray color' (confidence: 1.0000)
2025-03-19 10:32:59,150 - INFO - Classified z6120031587218_13c8282c6d4d3eb7f01e90cf6a1bc0bc.jpg as 'tape measure, ruler, caliper measuring steel thickness' (confidence: 1.0000)
2025-03-19 10:32:59,261 - INFO - Classified z6120031592583_754bd95cfce1b585b5998fb525872a18.jpg as 'tape measure, ruler, caliper measuring steel thickness' (confidence: 1.0000)
2025-03-19 10:32:59,372 - INFO - Classified z6120031598476_6c1fb14fd6de452e43ac1f2e2c30c5b5.jpg as 'tape measure, ruler, caliper measuring steel thickness' (confidence: 1.0000)
2025-03-19 10:32:59,467 - INFO - Classified z6120031601432_322e98083a2d4a68afd92d196a5656f1.jpg as 'Structural Joints, Connection Details, Steel Connections' (confidence: 1.0000)
2025-03-19 10:32:59,585 - INFO - Classified z6120031607308_3ac06ce49e88c984eeb437488478c3b9.jpg as 'Structural Joints, Connection Details, Steel Connections' (confidence: 1.0000)
2025-03-19 10:32:59,703 - INFO - Classified z6120031612937_029da634d9c21759d1a3e3d8968f8add.jpg as 'tape measure, ruler, caliper measuring steel thickness' (confidence: 1.0000)
2025-03-19 10:32:59,817 - INFO - Classified z6120031619595_6bb2284623ab258886d4d78584cdef75.jpg as 'digital multimeter, green color, dark green,hardness tester, Insize hardness gauge,' (confidence: 1.0000)
2025-03-19 10:32:59,918 - INFO - Classified z6120031623353_b0d07d8a6e8bd2864b98d5c03187e84c.jpg as 'digital multimeter, green color, dark green,hardness tester, Insize hardness gauge,' (confidence: 1.0000)
2025-03-19 10:33:00,023 - INFO - Classified z6120031629647_f22949d86f8a9734063aee04c4bd6f50.jpg as 'digital multimeter, green color, dark green,hardness tester, Insize hardness gauge,' (confidence: 1.0000)
2025-03-19 10:33:00,127 - INFO - Classified z6120031635005_d21c95e4d670a1d737eabc6d9671e8f6.jpg as 'digital multimeter, green color, dark green,hardness tester, Insize hardness gauge,' (confidence: 1.0000)
2025-03-19 10:33:00,235 - INFO - Classified z6120031640782_132b6d20e660be444c46959fbdc6c581.jpg as 'tape measure, ruler, caliper measuring steel thickness' (confidence: 1.0000)
2025-03-19 10:33:00,346 - INFO - Classified z6120031646101_e90bd0f4ba293e1d60b10ca17afe8e88.jpg as 'digital multimeter, black color, gray color' (confidence: 1.0000)
2025-03-19 10:33:00,473 - INFO - Classified z6120031653442_a978b0ce61639e1b36f8aba45c9e3849.jpg as 'digital multimeter, black color, gray color' (confidence: 1.0000)
2025-03-19 10:33:00,586 - INFO - Classified z6120031658035_960cfc9b307dd99158a36e4a9a35d303.jpg as 'digital multimeter, black color, gray color' (confidence: 1.0000)
2025-03-19 10:33:00,726 - INFO - Classified z6120031665794_bea19c7485ef9fb4c1e2f7d68d1b2f2d.jpg as 'digital multimeter, black color, gray color' (confidence: 1.0000)
2025-03-19 10:33:00,849 - INFO - Classified z6120031668673_1c08b42d4fb0a4d9575e593df6ed492c.jpg as 'tape measure, ruler, caliper measuring steel thickness' (confidence: 1.0000)
2025-03-19 10:33:05,955 - INFO - Opened folder: C:/Users/Administrator/Desktop/Image_Recognition/1
